<?xml version="1.0" encoding="UTF-8"?>
<beans xmlns="http://www.springframework.org/schema/beans"
       xmlns:xsi="http://www.w3.org/2001/XMLSchema-instance"
       xmlns:context="http://www.springframework.org/schema/context"
       xmlns:jms="http://www.springframework.org/schema/jms"
       xsi:schemaLocation="http://www.springframework.org/schema/beans
           http://www.springframework.org/schema/beans/spring-beans-3.0.xsd
           http://www.springframework.org/schema/context
           http://www.springframework.org/schema/context/spring-context.xsd
           http://www.springframework.org/schema/jms http://www.springframework.org/schema/jms/spring-jms-3.0.xsd">


    <context:annotation-config/>

    <bean class="ph.hatch.ddd.infrastructure.event.dispatcher.mbassador.MBassadorEventDispatcher"/>
    <bean class="ph.hatch.ddd.infrastructure.event.dispatcher.mbassador.MBassadorEventsListenerProcessor"/>

    <bean class="ph.hatch.ddd.infrastructure.event.publisher.simple.SimpleEventPublisher"/>

    <bean class="ph.hatch.d3.infrastructure.event.publisher.simple.AutowiredItem"/>

    <!-- autoscan all event handlers -->
    <context:component-scan base-package="ph.hatch.d3.infrastructure.event.publisher.simple.eventhandlers"/>

</beans>
    